[18:04:52] [INFO] ScriptNive GUI iniciado
[18:05:56] [INFO] Reparo completo cancelado pelo usuário
[18:06:01] [INFO] Executando comando: winget upgrade --all
[18:07:05] [SUCCESS] ✅ Comando executado com sucesso
[18:07:05] [SUCCESS] ✅ Programas atualizados
[18:18:09] [INFO] Aplicação fechada pelo usuário
[18:29:23] [INFO] ScriptNive GUI iniciado
[18:29:34] [INFO] Aplicação fechada pelo usuário
[18:31:53] [INFO] ScriptNive GUI iniciado
[18:33:25] [INFO] Aplicação fechada pelo usuário
[18:34:19] [INFO] ScriptNive GUI iniciado
[18:34:24] [INFO] Aplicação fechada pelo usuário
[18:34:55] [INFO] ScriptNive GUI iniciado
[18:36:06] [INFO] Aplicação fechada pelo usuário
[18:56:21] [INFO] ScriptNive GUI iniciado
[18:57:10] [INFO] Aplicação fechada pelo usuário
[19:10:39] [INFO] ScriptNive GUI iniciado
[19:14:08] [INFO] Aplicação fechada pelo usuário
[19:15:28] [INFO] ScriptNive GUI iniciado
[19:25:41] [INFO] Aplicação fechada pelo usuário
[19:36:02] [INFO] ScriptNive GUI iniciado
[19:36:44] [INFO] Aplicação fechada pelo usuário
[19:36:47] [INFO] ScriptNive GUI iniciado
[19:36:56] [INFO] Aplicação fechada pelo usuário
[20:44:06] [INFO] ScriptNive GUI iniciado
[21:06:43] [INFO] Aplicação fechada pelo usuário
